android/app/build/intermediates/manifest_merge_blame_file/release/manifest-merger-blame-release-report.txt
1<?xml version="1.0" encoding="utf-8"?>
2<manifest xmlns:android="http://schemas.android.com/apk/res/android"
3    package="com.example.myapp"
4    android:versionCode="1"
5    android:versionName="1.0" >
6
7    <uses-sdk
8        android:minSdkVersion="21"
9        android:targetSdkVersion="34" />
10
11    <application
11-->src\main\AndroidManifest.xml:4:5-18:19
12        android:allowBackup="true"
12-->src\main\AndroidManifest.xml:5:9-35
13        android:extractNativeLibs="true"
14        android:icon="@mipmap/adopt"
14-->src\main\AndroidManifest.xml:6:9-37
15        android:label="MyApp"
15-->src\main\AndroidManifest.xml:7:9-30
16        android:theme="@style/Theme.MaterialComponents.Light.DarkActionBar" >
16-->src\main\AndroidManifest.xml:8:9-76
17        <activity
17-->src\main\AndroidManifest.xml:10:9-16:20
18            android:name="com.example.myapp.MainActivity"
18-->src\main\AndroidManifest.xml:10:19-47
19            android:exported="true" >
19-->src\main\AndroidManifest.xml:11:13-36
20            <intent-filter>
20-->src\main\AndroidManifest.xml:12:13-15:29
21                <action android:name="android.intent.action.MAIN" />
21-->src\main\AndroidManifest.xml:13:17-69
21-->src\main\AndroidManifest.xml:13:25-66
22
23                <category android:name="android.intent.category.LAUNCHER" />
23-->src\main\AndroidManifest.xml:14:17-77
23-->src\main\AndroidManifest.xml:14:27-74
24            </intent-filter>
25        </activity>
26    </application>
27
28</manifest>